*** Using c compiler gcc instead of cc ...
                         Chronologic VCS (TM)
       Version W-2024.09-SP2_Full64 -- Mon Dec  8 16:59:05 2025

                    Copyright (c) 1991 - 2025 Synopsys, Inc.
   This software and the associated documentation are proprietary to Synopsys,
 Inc. This software may only be used in accordance with the terms and conditions
 of a written license agreement with Synopsys, Inc. All other use, reproduction,
   or distribution of this software is strictly prohibited.  Licensed Products
     communicate with Synopsys servers for the purpose of providing software
    updates, detecting software piracy and verifying that customers are using
    Licensed Products in conformity with the applicable License Key for such
  Licensed Products. Synopsys will use information gathered in connection with
    this process to deliver software updates and pursue software pirates and
                                   infringers.

 Inclusivity & Diversity - Visit SolvNetPlus to read the "Synopsys Statement on
            Inclusivity and Diversity" (Refer to article 000036315 at
                        https://solvnetplus.synopsys.com)

Cannot connect to the license server.
The connect() system call failed.
Make sure that your LM_LICENSE_FILE is pointing to the right 
location and that the license server is up.
Retrying request.....


 Failed to obtain license ...
Note: Use +vcs+lic+wait ( or -licwait <minute> or -licqueue  in Unified Use Model ) to queue for license
CPU time: .081 seconds to compile
